<?xml version="1.0" encoding="utf-8"?><testsuites name="pytest tests"><testsuite name="pytest" errors="0" failures="0" skipped="0" tests="31" time="8.688" timestamp="2026-08-30T07:21:22.140513+00:00" hostname="agent-env-9fdd81cb-6b6c-492a-b350-ce941b4ff231"><testcase classname="backend.tests.backend_test.TestAuth" name="test_protected_route_requires_auth" time="1.353" /><testcase classname="backend.tests.backend_test.TestAuth" name="test_login_payload_and_cookies" time="0.000" /><testcase classname="backend.tests.backend_test.TestAuth" name="test_me_with_bearer" time="0.055" /><testcase classname="backend.tests.backend_test.TestAuth" name="test_wrong_password_401_indonesian" time="0.118" /><testcase classname="backend.tests.backend_test.TestAuth" name="test_invalid_token_401" time="0.098" /><testcase classname="backend.tests.backend_test.TestAuth" name="test_bruteforce_lockout_internal" time="0.017" /><testcase classname="backend.tests.backend_test.TestAuth" name="test_bruteforce_lockout_public" time="0.662" /><testcase classname="backend.tests.backend_test.TestAuth" name="test_bcrypt_hash_format" time="0.326" /><testcase classname="backend.tests.backend_test.TestSeed" name="test_seed_counts" time="0.000" /><testcase classname="backend.tests.backend_test.TestSeed" name="test_seed_rooms_statuses" time="0.100" /><testcase classname="backend.tests.backend_test.TestSeed" name="test_seed_tenants" time="0.050" /><testcase classname="backend.tests.backend_test.TestSeed" name="test_seed_bills_and_tickets" time="0.247" /><testcase classname="backend.tests.backend_test.TestRooms" name="test_transition_valid_cleaning_to_available" time="0.290" /><testcase classname="backend.tests.backend_test.TestRooms" name="test_transition_invalid_available_to_cleaning" time="0.154" /><testcase classname="backend.tests.backend_test.TestRooms" name="test_transition_bad_status" time="0.154" /><testcase classname="backend.tests.backend_test.TestRooms" name="test_room_crud_and_duplicate" time="0.328" /><testcase classname="backend.tests.backend_test.TestRooms" name="test_invalid_id_400" time="0.073" /><testcase classname="backend.tests.backend_test.TestTenantLifecycle" name="test_create_movein_moveout" time="1.321" /><testcase classname="backend.tests.backend_test.TestTenantLifecycle" name="test_movein_without_room_400" time="0.383" /><testcase classname="backend.tests.backend_test.TestBills" name="test_overdue_and_dunning_derived" time="0.253" /><testcase classname="backend.tests.backend_test.TestBills" name="test_invoice_number_format" time="0.301" /><testcase classname="backend.tests.backend_test.TestBills" name="test_generate_idempotent" time="0.514" /><testcase classname="backend.tests.backend_test.TestBills" name="test_partial_then_full_payment" time="0.548" /><testcase classname="backend.tests.backend_test.TestBills" name="test_payment_zero_rejected" time="0.156" /><testcase classname="backend.tests.backend_test.TestBills" name="test_bills_status_filter" time="0.236" /><testcase classname="backend.tests.backend_test.TestTickets" name="test_ticket_transitions" time="0.395" /><testcase classname="backend.tests.backend_test.TestAccessTokens" name="test_issue_and_revoke" time="0.201" /><testcase classname="backend.tests.backend_test.TestAccessTokens" name="test_revoke_missing_404" time="0.061" /><testcase classname="backend.tests.backend_test.TestAuditDashboard" name="test_audit_entries" time="0.068" /><testcase classname="backend.tests.backend_test.TestAuditDashboard" name="test_dashboard_summary" time="0.064" /><testcase classname="backend.tests.backend_test.TestAuditDashboard" name="test_monthly_report" time="0.049" /></testsuite></testsuites>