<?xml version="1.0" encoding="utf-8"?><testsuites name="pytest tests"><testsuite name="pytest" errors="0" failures="0" skipped="1" tests="31" time="12.911" timestamp="2026-08-24T05:33:30.076822+00:00" hostname="agent-env-9a29154a-e65c-4fc6-8226-ccb327ad4212"><testcase classname="tests.backend_test.TestAuth" name="test_protected_route_requires_auth" time="1.513" /><testcase classname="tests.backend_test.TestAuth" name="test_login_payload_and_cookies" time="0.002" /><testcase classname="tests.backend_test.TestAuth" name="test_me_with_bearer" time="0.065" /><testcase classname="tests.backend_test.TestAuth" name="test_wrong_password_401_indonesian" time="0.305" /><testcase classname="tests.backend_test.TestAuth" name="test_invalid_token_401" time="0.267" /><testcase classname="tests.backend_test.TestAuth" name="test_bruteforce_lockout_internal" time="0.082" /><testcase classname="tests.backend_test.TestAuth" name="test_bruteforce_lockout_public" time="1.468"><skipped type="pytest.xfail" message="Known: lockout counter keyed on proxy IP, diluted via public ingress" /></testcase><testcase classname="tests.backend_test.TestAuth" name="test_bcrypt_hash_format" time="3.543" /><testcase classname="tests.backend_test.TestSeed" name="test_seed_counts" time="0.001" /><testcase classname="tests.backend_test.TestSeed" name="test_seed_rooms_statuses" time="0.070" /><testcase classname="tests.backend_test.TestSeed" name="test_seed_tenants" time="0.079" /><testcase classname="tests.backend_test.TestSeed" name="test_seed_bills_and_tickets" time="0.201" /><testcase classname="tests.backend_test.TestRooms" name="test_transition_valid_cleaning_to_available" time="0.242" /><testcase classname="tests.backend_test.TestRooms" name="test_transition_invalid_available_to_cleaning" time="0.133" /><testcase classname="tests.backend_test.TestRooms" name="test_transition_bad_status" time="0.156" /><testcase classname="tests.backend_test.TestRooms" name="test_room_crud_and_duplicate" time="0.428" /><testcase classname="tests.backend_test.TestRooms" name="test_invalid_id_400" time="0.089" /><testcase classname="tests.backend_test.TestTenantLifecycle" name="test_create_movein_moveout" time="0.741" /><testcase classname="tests.backend_test.TestTenantLifecycle" name="test_movein_without_room_400" time="0.200" /><testcase classname="tests.backend_test.TestBills" name="test_overdue_and_dunning_derived" time="0.208" /><testcase classname="tests.backend_test.TestBills" name="test_invoice_number_format" time="0.262" /><testcase classname="tests.backend_test.TestBills" name="test_generate_idempotent" time="0.488" /><testcase classname="tests.backend_test.TestBills" name="test_partial_then_full_payment" time="0.414" /><testcase classname="tests.backend_test.TestBills" name="test_payment_zero_rejected" time="0.134" /><testcase classname="tests.backend_test.TestBills" name="test_bills_status_filter" time="0.263" /><testcase classname="tests.backend_test.TestTickets" name="test_ticket_transitions" time="0.453" /><testcase classname="tests.backend_test.TestAccessTokens" name="test_issue_and_revoke" time="0.198" /><testcase classname="tests.backend_test.TestAccessTokens" name="test_revoke_missing_404" time="0.060" /><testcase classname="tests.backend_test.TestAuditDashboard" name="test_audit_entries" time="0.061" /><testcase classname="tests.backend_test.TestAuditDashboard" name="test_dashboard_summary" time="0.082" /><testcase classname="tests.backend_test.TestAuditDashboard" name="test_monthly_report" time="0.062" /></testsuite></testsuites>