<?xml version="1.0" encoding="utf-8"?><testsuites name="pytest tests"><testsuite name="pytest" errors="0" failures="0" skipped="0" tests="16" time="2.848" timestamp="2026-08-30T07:50:41.701655+00:00" hostname="agent-env-9fdd81cb-6b6c-492a-b350-ce941b4ff231"><testcase classname="backend.tests.test_push_reminders.TestPushDevice" name="test_register_requires_auth" time="1.441" /><testcase classname="backend.tests.test_push_reminders.TestPushDevice" name="test_register_rejects_short_token" time="0.048" /><testcase classname="backend.tests.test_push_reminders.TestPushDevice" name="test_register_and_unregister_success" time="0.156" /><testcase classname="backend.tests.test_push_reminders.TestPushDevice" name="test_register_ios_platform" time="0.105" /><testcase classname="backend.tests.test_push_reminders.TestReminders" name="test_preview_non_empty" time="0.052" /><testcase classname="backend.tests.test_push_reminders.TestReminders" name="test_dunning_list_ok" time="0.055" /><testcase classname="backend.tests.test_push_reminders.TestReminders" name="test_send_reminders_ok" time="0.193" /><testcase classname="backend.tests.test_push_reminders.TestReminders" name="test_send_reminders_dedup_second_call" time="0.059" /><testcase classname="backend.tests.test_push_reminders.TestReminders" name="test_preview_marks_already_sent" time="0.051" /><testcase classname="backend.tests.test_push_reminders.TestRegression" name="test_rooms_requires_auth" time="0.095" /><testcase classname="backend.tests.test_push_reminders.TestRegression" name="test_tenants_requires_auth" time="0.128" /><testcase classname="backend.tests.test_push_reminders.TestRegression" name="test_bills_requires_auth" time="0.137" /><testcase classname="backend.tests.test_push_reminders.TestRegression" name="test_rooms_ok" time="0.055" /><testcase classname="backend.tests.test_push_reminders.TestRegression" name="test_tenants_ok" time="0.051" /><testcase classname="backend.tests.test_push_reminders.TestRegression" name="test_bills_ok" time="0.060" /><testcase classname="backend.tests.test_push_reminders.TestRegression" name="test_dashboard_summary" time="0.061" /></testsuite></testsuites>