<?xml version="1.0" encoding="utf-8"?><testsuites name="pytest tests"><testsuite name="pytest" errors="0" failures="0" skipped="0" tests="47" time="10.853" timestamp="2026-08-30T07:50:48.110288+00:00" hostname="agent-env-9fdd81cb-6b6c-492a-b350-ce941b4ff231"><testcase classname="backend.tests.backend_test.TestAuth" name="test_protected_route_requires_auth" time="1.356" /><testcase classname="backend.tests.backend_test.TestAuth" name="test_login_payload_and_cookies" time="0.000" /><testcase classname="backend.tests.backend_test.TestAuth" name="test_me_with_bearer" time="0.044" /><testcase classname="backend.tests.backend_test.TestAuth" name="test_wrong_password_401_indonesian" time="0.103" /><testcase classname="backend.tests.backend_test.TestAuth" name="test_invalid_token_401" time="0.143" /><testcase classname="backend.tests.backend_test.TestAuth" name="test_bruteforce_lockout_internal" time="0.017" /><testcase classname="backend.tests.backend_test.TestAuth" name="test_bruteforce_lockout_public" time="0.669" /><testcase classname="backend.tests.backend_test.TestAuth" name="test_bcrypt_hash_format" time="1.409" /><testcase classname="backend.tests.backend_test.TestSeed" name="test_seed_counts" time="0.000" /><testcase classname="backend.tests.backend_test.TestSeed" name="test_seed_rooms_statuses" time="0.048" /><testcase classname="backend.tests.backend_test.TestSeed" name="test_seed_tenants" time="0.045" /><testcase classname="backend.tests.backend_test.TestSeed" name="test_seed_bills_and_tickets" time="0.136" /><testcase classname="backend.tests.backend_test.TestRooms" name="test_transition_valid_cleaning_to_available" time="0.132" /><testcase classname="backend.tests.backend_test.TestRooms" name="test_transition_invalid_available_to_cleaning" time="0.089" /><testcase classname="backend.tests.backend_test.TestRooms" name="test_transition_bad_status" time="0.091" /><testcase classname="backend.tests.backend_test.TestRooms" name="test_room_crud_and_duplicate" time="0.356" /><testcase classname="backend.tests.backend_test.TestRooms" name="test_invalid_id_400" time="0.044" /><testcase classname="backend.tests.backend_test.TestTenantLifecycle" name="test_create_movein_moveout" time="1.026" /><testcase classname="backend.tests.backend_test.TestTenantLifecycle" name="test_movein_without_room_400" time="0.362" /><testcase classname="backend.tests.backend_test.TestBills" name="test_overdue_and_dunning_derived" time="0.178" /><testcase classname="backend.tests.backend_test.TestBills" name="test_invoice_number_format" time="0.218" /><testcase classname="backend.tests.backend_test.TestBills" name="test_generate_idempotent" time="0.362" /><testcase classname="backend.tests.backend_test.TestBills" name="test_partial_then_full_payment" time="0.273" /><testcase classname="backend.tests.backend_test.TestBills" name="test_payment_zero_rejected" time="0.090" /><testcase classname="backend.tests.backend_test.TestBills" name="test_bills_status_filter" time="0.135" /><testcase classname="backend.tests.backend_test.TestTickets" name="test_ticket_transitions" time="0.325" /><testcase classname="backend.tests.backend_test.TestAccessTokens" name="test_issue_and_revoke" time="0.132" /><testcase classname="backend.tests.backend_test.TestAccessTokens" name="test_revoke_missing_404" time="0.046" /><testcase classname="backend.tests.backend_test.TestAuditDashboard" name="test_audit_entries" time="0.056" /><testcase classname="backend.tests.backend_test.TestAuditDashboard" name="test_dashboard_summary" time="0.052" /><testcase classname="backend.tests.backend_test.TestAuditDashboard" name="test_monthly_report" time="0.043" /><testcase classname="backend.tests.test_push_reminders.TestPushDevice" name="test_register_requires_auth" time="1.442" /><testcase classname="backend.tests.test_push_reminders.TestPushDevice" name="test_register_rejects_short_token" time="0.051" /><testcase classname="backend.tests.test_push_reminders.TestPushDevice" name="test_register_and_unregister_success" time="0.164" /><testcase classname="backend.tests.test_push_reminders.TestPushDevice" name="test_register_ios_platform" time="0.105" /><testcase classname="backend.tests.test_push_reminders.TestReminders" name="test_preview_non_empty" time="0.057" /><testcase classname="backend.tests.test_push_reminders.TestReminders" name="test_dunning_list_ok" time="0.103" /><testcase classname="backend.tests.test_push_reminders.TestReminders" name="test_send_reminders_ok" time="0.068" /><testcase classname="backend.tests.test_push_reminders.TestReminders" name="test_send_reminders_dedup_second_call" time="0.057" /><testcase classname="backend.tests.test_push_reminders.TestReminders" name="test_preview_marks_already_sent" time="0.063" /><testcase classname="backend.tests.test_push_reminders.TestRegression" name="test_rooms_requires_auth" time="0.102" /><testcase classname="backend.tests.test_push_reminders.TestRegression" name="test_tenants_requires_auth" time="0.134" /><testcase classname="backend.tests.test_push_reminders.TestRegression" name="test_bills_requires_auth" time="0.095" /><testcase classname="backend.tests.test_push_reminders.TestRegression" name="test_rooms_ok" time="0.095" /><testcase classname="backend.tests.test_push_reminders.TestRegression" name="test_tenants_ok" time="0.094" /><testcase classname="backend.tests.test_push_reminders.TestRegression" name="test_bills_ok" time="0.090" /><testcase classname="backend.tests.test_push_reminders.TestRegression" name="test_dashboard_summary" time="0.055" /></testsuite></testsuites>